<?xml version="1.0" encoding="UTF-8"?>
<!-- Generated by org.testng.reporters.JUnitReportReporter -->
<testsuite hostname="pooja" failures="0" tests="1" name="testScripts.FourthTest" time="32.691" errors="0" timestamp="2023-01-29T13:10:58 IST" skipped="0">
  <testcase classname="testScripts.FourthTest" name="fourthTest" time="32.691"/>
  <system-out/>
</testsuite> <!-- testScripts.FourthTest -->
