<?xml version="1.0" encoding="UTF-8"?>
<!-- Generated by org.testng.reporters.JUnitReportReporter -->
<testsuite hostname="pooja" failures="0" tests="1" name="testScripts.ThirdTest" time="47.710" errors="0" timestamp="2023-01-31T11:02:12 IST" skipped="0">
  <testcase classname="testScripts.ThirdTest" name="thirdTest" time="47.710"/>
  <system-out/>
</testsuite> <!-- testScripts.ThirdTest -->
