<?xml version="1.0" encoding="UTF-8"?>
<!-- Generated by org.testng.reporters.JUnitReportReporter -->
<testsuite hostname="pooja" failures="0" tests="1" name="testScripts.SecondTest" time="120.311" errors="0" timestamp="2023-01-29T11:11:23 IST" skipped="0">
  <testcase classname="testScripts.SecondTest" name="secondTest" time="120.311"/>
  <system-out/>
</testsuite> <!-- testScripts.SecondTest -->
