<?xml version="1.0" encoding="UTF-8"?>
<!-- Generated by org.testng.reporters.JUnitReportReporter -->
<testsuite hostname="pooja" failures="0" tests="1" name="testScripts.FirstTest" time="12.508" errors="0" timestamp="2023-01-29T13:15:27 IST" skipped="0">
  <testcase classname="testScripts.FirstTest" name="firstTest" time="12.508"/>
  <system-out/>
</testsuite> <!-- testScripts.FirstTest -->
